<?xml version="1.0" encoding="UTF-8"?>
<testsuite xmlns:xsi="http://www.w3.org/2001/XMLSchema-instance" xsi:noNamespaceSchemaLocation="https://maven.apache.org/surefire/maven-failsafe-plugin/xsd/failsafe-test-report.xsd" name="org.joinfaces.security.AuthenticatedFaceletsTagHandlerIT" time="0.039" tests="2" errors="0" skipped="0" failures="0">
  <properties>
[...]
</properties>
  <testcase name="testNotAuthorize" classname="org.joinfaces.security.AuthenticatedFaceletsTagHandlerIT" time="0.007"/>
  <testcase name="testAuthorize" classname="org.joinfaces.security.AuthenticatedFaceletsTagHandlerIT" time="0.01"/>
</testsuite>